build/app/intermediates/manifest_merge_blame_file/release/manifest-merger-blame-release-report.txt
1<?xml version="1.0" encoding="utf-8"?>
2<manifest xmlns:android="http://schemas.android.com/apk/res/android"
3    package="com.example.effective_mobile"
4    android:versionCode="1"
5    android:versionName="1.0.0" >
6
7    <uses-sdk
8        android:minSdkVersion="19"
8-->src/main/AndroidManifest.xml
9        android:targetSdkVersion="33" />
9-->src/main/AndroidManifest.xml
10
11    <uses-permission android:name="android.permission.INTERNET" />
11-->src/main/AndroidManifest.xml:3:5-66
11-->src/main/AndroidManifest.xml:3:22-64
12    <uses-permission android:name="android.permission.ACCESS_WIFI_STATE" />
12-->src/main/AndroidManifest.xml:4:5-75
12-->src/main/AndroidManifest.xml:4:22-73
13    <uses-permission android:name="android.permission.ACCESS_NETWORK_STATE" />
13-->src/main/AndroidManifest.xml:5:5-79
13-->src/main/AndroidManifest.xml:5:22-76
14    <uses-permission android:name="android.permission.WRITE_EXTERNAL_STORAGE" />
14-->src/main/AndroidManifest.xml:6:5-81
14-->src/main/AndroidManifest.xml:6:22-78
15
16    <queries>
16-->src/main/AndroidManifest.xml:8:5-15:13
17
18        <!--
19         The "https" scheme is only required for integration tests of this package.
20         It shouldn't be needed in most actual apps, or show up in the README!
21        -->
22        <intent>
22-->src/main/AndroidManifest.xml:11:5-14:14
23            <action android:name="android.intent.action.VIEW" />
23-->src/main/AndroidManifest.xml:12:7-59
23-->src/main/AndroidManifest.xml:12:15-56
24
25            <data android:scheme="https" />
25-->src/main/AndroidManifest.xml:13:7-38
25-->src/main/AndroidManifest.xml:13:13-35
26        </intent>
27    </queries>
28
29    <application
30        android:name="android.app.Application"
30-->src/main/AndroidManifest.xml:19:9-42
31        android:allowBackup="false"
31-->src/main/AndroidManifest.xml:22:9-36
32        android:appComponentFactory="androidx.core.app.CoreComponentFactory"
32-->[androidx.core:core:1.6.0] AndroidManifest.xml:24:18-86
33        android:icon="@mipmap/ic_launcher"
33-->src/main/AndroidManifest.xml:20:9-43
34        android:label="effective_mobile"
34-->src/main/AndroidManifest.xml:18:9-41
35        android:usesCleartextTraffic="true" >
35-->src/main/AndroidManifest.xml:21:9-44
36        <activity
36-->src/main/AndroidManifest.xml:23:9-43:20
37            android:name="com.example.effective_mobile.MainActivity"
37-->src/main/AndroidManifest.xml:24:13-41
38            android:configChanges="orientation|keyboardHidden|keyboard|screenSize|smallestScreenSize|locale|layoutDirection|fontScale|screenLayout|density|uiMode"
38-->src/main/AndroidManifest.xml:28:13-163
39            android:exported="true"
39-->src/main/AndroidManifest.xml:25:13-36
40            android:hardwareAccelerated="true"
40-->src/main/AndroidManifest.xml:29:13-47
41            android:launchMode="singleTop"
41-->src/main/AndroidManifest.xml:26:13-43
42            android:theme="@style/LaunchTheme"
42-->src/main/AndroidManifest.xml:27:13-47
43            android:windowSoftInputMode="adjustResize" >
43-->src/main/AndroidManifest.xml:30:13-55
44
45            <!--
46                 Specifies an Android theme to apply to this Activity as soon as
47                 the Android process has started. This theme is visible to the user
48                 while the Flutter UI initializes. After that, this theme continues
49                 to determine the Window background behind the Flutter UI.
50            -->
51            <meta-data
51-->src/main/AndroidManifest.xml:35:13-38:17
52                android:name="io.flutter.embedding.android.NormalTheme"
52-->src/main/AndroidManifest.xml:36:15-70
53                android:resource="@style/NormalTheme" />
53-->src/main/AndroidManifest.xml:37:15-52
54
55            <intent-filter>
55-->src/main/AndroidManifest.xml:39:13-42:29
56                <action android:name="android.intent.action.MAIN" />
56-->src/main/AndroidManifest.xml:40:17-68
56-->src/main/AndroidManifest.xml:40:25-66
57
58                <category android:name="android.intent.category.LAUNCHER" />
58-->src/main/AndroidManifest.xml:41:17-76
58-->src/main/AndroidManifest.xml:41:27-74
59            </intent-filter>
60        </activity>
61        <!--
62             Don't delete the meta-data below.
63             This is used by the Flutter tool to generate GeneratedPluginRegistrant.java
64        -->
65        <meta-data
65-->src/main/AndroidManifest.xml:46:9-48:33
66            android:name="flutterEmbedding"
66-->src/main/AndroidManifest.xml:47:13-44
67            android:value="2" />
67-->src/main/AndroidManifest.xml:48:13-30
68
69        <uses-library
69-->[androidx.window:window:1.0.0-beta04] AndroidManifest.xml:25:9-27:40
70            android:name="androidx.window.extensions"
70-->[androidx.window:window:1.0.0-beta04] AndroidManifest.xml:26:13-54
71            android:required="false" />
71-->[androidx.window:window:1.0.0-beta04] AndroidManifest.xml:27:13-37
72        <uses-library
72-->[androidx.window:window:1.0.0-beta04] AndroidManifest.xml:28:9-30:40
73            android:name="androidx.window.sidecar"
73-->[androidx.window:window:1.0.0-beta04] AndroidManifest.xml:29:13-51
74            android:required="false" />
74-->[androidx.window:window:1.0.0-beta04] AndroidManifest.xml:30:13-37
75    </application>
76
77</manifest>